TraceInit()
--------------------------------
GameEngine::Initialize()
--------------------------------
GLFW Init() success
GameWindow created
GameWindow Init()
InputManger registers GameWindow: 1stWindow
Create User Levels
Level1 ctor 
Level2 ctor 
--------------------------------
GameEngine::SetAllScenes (Load in all user generated levels)
--------------------------------
Level1
Level2
--------------------------------
GameEngine::ChangeScene: Level1
--------------------------------
---------------------
Level1::Init
---------------------
--------------------------------
Scene::LoadResources
--------------------------------
Load Shaders:
CameraShader
SampleShader

Load Textures:
DefaultTexture
SampleTexture

Load Materials:
CollisionMaterial
SampleMaterial1

--------------------------------
Scene::LoadGameObjects
--------------------------------
CreateGameObjects:

Picture
TransformComponent::Deserialize
RenderComponent::Deserialize

--------------------------------
Scene::InitGameObjects()
--------------------------------
--------------------------------
Scene::CreateAllDebugCollisionAreas()
--------------------------------
CreateAllDebugCollisionAreas:

Picture
Null Component: 
class PhysicComponent
No physic component, collision shape not generated

--------------------------------
Scene::BuildHiearchy
--------------------------------
Picture added to hierachy
--------------------------------
All created objects are added to hierachy
Clear ObjectFactory
--------------------------------
--------------------------------
Scene::SetupCamara
--------------------------------
---------------------
Level1::Init finished
---------------------
SceneChangeEvent: Level2
--------------------------------
GameEngine::ChangeScene: Level2
--------------------------------
--------------------------------
Scene::Destroy() Level1
--------------------------------
Destroy Node: Root
Destroy GameObject: Picture
Destroy TransformComponent
Destroy RenderComponent
Destroy PressEnterToNextScreenComponent
Destroy Node: Picture
UnloadAllResources
---------------------
Level2::Init
---------------------
--------------------------------
Scene::LoadResources
--------------------------------
Load Shaders:
CameraShader
SampleShader

Load Textures:
DefaultTexture
SampleTexture

Load Materials:
CollisionMaterial
SampleMaterial1
SampleMaterial2

--------------------------------
Scene::LoadGameObjects
--------------------------------
CreateGameObjects:

Player
TransformComponent::Deserialize
RenderComponent::Deserialize
PhysicComponent::Deserialize
Player added for collision checking

Target1
TransformComponent::Deserialize
RenderComponent::Deserialize
PhysicComponent::Deserialize
Target1 added for collision checking

Target2
TransformComponent::Deserialize
RenderComponent::Deserialize
PhysicComponent::Deserialize
Target2 added for collision checking

PlayerChild
TransformComponent::Deserialize
RenderComponent::Deserialize

--------------------------------
Scene::InitGameObjects()
--------------------------------
--------------------------------
Scene::CreateAllDebugCollisionAreas()
--------------------------------
CreateAllDebugCollisionAreas:

Player
Created: Player_Collision Area

Target1
Created: Target1_Collision Area

PlayerChild
Null Component: 
class PhysicComponent
No physic component, collision shape not generated

Target2
Created: Target2_Collision Area

--------------------------------
Scene::BuildHiearchy
--------------------------------
Player added to hierachy
PlayerChild added to hierachy
Target1 added to hierachy
Target2 added to hierachy
--------------------------------
All created objects are added to hierachy
Clear ObjectFactory
--------------------------------
--------------------------------
Scene::SetupCamara
--------------------------------
---------------------
Level2::Init finished
---------------------
CollisionEvent: 
TimeStamp: 31.912583
Collision between Player and Target2
--------------------------------
Scene::DeferredDeleteGameObject()
--------------------------------
Remove child { Target2 } from parent { Root }
Destroy GameObject: Target2
Destroy TransformComponent
Destroy RenderComponent
Destroy PhysicComponent
Target2 removed from collision checking
Destroy SelfRotateComponen
Destroy Node: Target2
CollisionEvent: 
TimeStamp: 34.228023
Collision between Player and Target1
--------------------------------
Scene::DeferredDeleteGameObject()
--------------------------------
Remove child { Target1 } from parent { Root }
Destroy GameObject: Target1
Destroy TransformComponent
Destroy RenderComponent
Destroy PhysicComponent
Target1 removed from collision checking
Destroy SelfRotateComponen
Destroy Node: Target1
--------------------------------
GameEngine::Quit() 
--------------------------------
--------------------------------
Scene::Destroy() Level2
--------------------------------
Destroy Node: Root
Destroy GameObject: Player
Destroy TransformComponent
Destroy RenderComponent
Destroy PhysicComponent
Player removed from collision checking
Destroy Player ControlComponent
Destroy Node: Player
Destroy GameObject: PlayerChild
Destroy TransformComponent
Destroy RenderComponent
Destroy Node: PlayerChild
UnloadAllResources
--------------------------------
GameEngine::DeleteAllScenes (Delete all user generated levels) 
--------------------------------
Level1 dtor Level1
Level2 dtor Level2
GameWindow ShutDown()
GLFW Terminate success
TraceShutdown()
