c:\mark\digipen\cs529\basicgameengine\x64\release\basicengine.ipdb
c:\mark\digipen\cs529\basicgameengine\x64\release\basicengine.iobj
c:\mark\digipen\cs529\basicgameengine\x64\release\basicengine.pch
c:\mark\digipen\cs529\basicgameengine\x64\release\vc142.pdb
c:\mark\digipen\cs529\basicgameengine\x64\release\pch.obj
c:\mark\digipen\cs529\basicgameengine\x64\release\component.obj
c:\mark\digipen\cs529\basicgameengine\x64\release\rendercomponent.obj
c:\mark\digipen\cs529\basicgameengine\x64\release\physiccomponent.obj
c:\mark\digipen\cs529\basicgameengine\x64\release\physicsmanager.obj
c:\mark\digipen\cs529\basicgameengine\x64\release\jsonconstants.obj
c:\mark\digipen\cs529\basicgameengine\x64\release\objectfactory.obj
c:\mark\digipen\cs529\basicgameengine\x64\release\resourcemanager.obj
c:\mark\digipen\cs529\basicgameengine\x64\release\frameratecontroller.obj
c:\mark\digipen\cs529\basicgameengine\x64\release\enemycomponent.obj
c:\mark\digipen\cs529\basicgameengine\x64\release\scene.obj
c:\mark\digipen\cs529\basicgameengine\x64\release\root.obj
c:\mark\digipen\cs529\basicgameengine\x64\release\playercontrolcomponent.obj
c:\mark\digipen\cs529\basicgameengine\x64\release\gameengine.obj
c:\mark\digipen\cs529\basicgameengine\x64\release\servicelocator.obj
c:\mark\digipen\cs529\basicgameengine\x64\release\game.obj
c:\mark\digipen\cs529\basicgameengine\x64\release\level2.obj
c:\mark\digipen\cs529\basicgameengine\x64\release\level1.obj
c:\mark\digipen\cs529\basicgameengine\x64\release\pressentertonextscreencomponent.obj
c:\mark\digipen\cs529\basicgameengine\x64\release\screenmovecomponent.obj
c:\mark\digipen\cs529\basicgameengine\x64\release\level3.obj
c:\mark\digipen\cs529\basicgameengine\x64\release\main.obj
c:\mark\digipen\cs529\basicgameengine\x64\release\logging.obj
c:\mark\digipen\cs529\basicgameengine\x64\release\gameobject.obj
c:\mark\digipen\cs529\basicgameengine\x64\release\mesh.obj
c:\mark\digipen\cs529\basicgameengine\x64\release\shader.obj
c:\mark\digipen\cs529\basicgameengine\x64\release\camera.obj
c:\mark\digipen\cs529\basicgameengine\x64\release\renderer.obj
c:\mark\digipen\cs529\basicgameengine\x64\release\node.obj
c:\mark\digipen\cs529\basicgameengine\x64\release\material.obj
c:\mark\digipen\cs529\basicgameengine\x64\release\color.obj
c:\mark\digipen\cs529\basicgameengine\x64\release\inputmanager.obj
c:\mark\digipen\cs529\basicgameengine\x64\release\collisionshape.obj
c:\mark\digipen\cs529\basicgameengine\x64\release\collisioncircle.obj
c:\mark\digipen\cs529\basicgameengine\x64\release\collisionmanager.obj
c:\mark\digipen\cs529\basicgameengine\x64\release\collisionareaobject.obj
c:\mark\digipen\cs529\basicgameengine\x64\release\body.obj
c:\mark\digipen\cs529\basicgameengine\x64\release\collisionaabb.obj
c:\mark\digipen\cs529\basicgameengine\x64\release\eventsystem.obj
c:\mark\digipen\cs529\basicgameengine\x64\release\collisionobb.obj
c:\mark\digipen\cs529\basicgameengine\x64\release\eventlistener.obj
c:\mark\digipen\cs529\basicgameengine\x64\release\wavecomponent.obj
c:\mark\digipen\cs529\basicgameengine\x64\release\starcomponent.obj
c:\mark\digipen\cs529\basicgameengine\x64\release\transformcomponent.obj
c:\mark\digipen\cs529\basicgameengine\x64\release\texture.obj
c:\mark\digipen\cs529\basicgameengine\x64\release\transform.obj
c:\mark\digipen\cs529\basicgameengine\x64\release\gamewindow.obj
c:\mark\digipen\cs529\basicgameengine\x64\release\basicengine.exe
c:\mark\digipen\cs529\basicgameengine\x64\release\basicengine.tlog\basicengine.write.1u.tlog
c:\mark\digipen\cs529\basicgameengine\x64\release\basicengine.tlog\cl.command.1.tlog
c:\mark\digipen\cs529\basicgameengine\x64\release\basicengine.tlog\cl.read.1.tlog
c:\mark\digipen\cs529\basicgameengine\x64\release\basicengine.tlog\cl.write.1.tlog
c:\mark\digipen\cs529\basicgameengine\x64\release\basicengine.tlog\link.command.1.tlog
c:\mark\digipen\cs529\basicgameengine\x64\release\basicengine.tlog\link.read.1.tlog
c:\mark\digipen\cs529\basicgameengine\x64\release\basicengine.tlog\link.write.1.tlog
